<?xml version="1.0" encoding="UTF-8"?>
<testsuite xmlns:xsi="http://www.w3.org/2001/XMLSchema-instance" xsi:noNamespaceSchemaLocation="https://maven.apache.org/surefire/maven-surefire-plugin/xsd/surefire-test-report-3.0.xsd" version="3.0" name="com.ntou.testing.OrderProcessorTest" time="0.109" tests="59" errors="0" skipped="0" failures="0">
  <properties>
[...]
</properties>
  <testcase name="testCombinatorial_TC28_EggPancake_ChickenNuggets_Coffee" classname="com.ntou.testing.OrderProcessorTest" time="0.061"/>
  <testcase name="testCombinatorial_TC36_Toast_Fries_Coffee" classname="com.ntou.testing.OrderProcessorTest" time="0.001"/>
  <testcase name="testCombinatorial_TC12_Burger_ChickenNuggets_Coffee" classname="com.ntou.testing.OrderProcessorTest" time="0"/>
  <testcase name="testCombinatorial_TC48_Toast_HashBrown_Coffee" classname="com.ntou.testing.OrderProcessorTest" time="0.001"/>
  <testcase name="testCategorization_Drink_3_SoyMilk" classname="com.ntou.testing.OrderProcessorTest" time="0.001"/>
  <testcase name="testCombinatorial_TC08_Burger_RadishCake_Coffee" classname="com.ntou.testing.OrderProcessorTest" time="0.001"/>
  <testcase name="testCombinatorial_TC02_Burger_Fries_OrangeJuice" classname="com.ntou.testing.OrderProcessorTest" time="0.001"/>
  <testcase name="testCategorization_SideDish_3_ChickenNuggets" classname="com.ntou.testing.OrderProcessorTest" time="0.001"/>
  <testcase name="testCombinatorial_TC40_Toast_RadishCake_Coffee" classname="com.ntou.testing.OrderProcessorTest" time="0.001"/>
  <testcase name="testCombinatorial_TC06_Burger_RadishCake_OrangeJuice" classname="com.ntou.testing.OrderProcessorTest" time="0"/>
  <testcase name="testCategorization_SideDish_2_RadishCake" classname="com.ntou.testing.OrderProcessorTest" time="0"/>
  <testcase name="testCombinatorial_TC24_EggPancake_RadishCake_Coffee" classname="com.ntou.testing.OrderProcessorTest" time="0"/>
  <testcase name="testCombinatorial_TC18_EggPancake_Fries_OrangeJuice" classname="com.ntou.testing.OrderProcessorTest" time="0.001"/>
  <testcase name="testCombinatorial_TC39_Toast_RadishCake_SoyMilk" classname="com.ntou.testing.OrderProcessorTest" time="0.001"/>
  <testcase name="testCombinatorial_TC10_Burger_ChickenNuggets_OrangeJuice" classname="com.ntou.testing.OrderProcessorTest" time="0.001"/>
  <testcase name="testCombinatorial_TC20_EggPancake_Fries_Coffee" classname="com.ntou.testing.OrderProcessorTest" time="0.001"/>
  <testcase name="testCombinatorial_TC07_Burger_RadishCake_SoyMilk" classname="com.ntou.testing.OrderProcessorTest" time="0.001"/>
  <testcase name="testCombinatorial_TC34_Toast_Fries_OrangeJuice" classname="com.ntou.testing.OrderProcessorTest" time="0.001"/>
  <testcase name="testCombinatorial_TC03_Burger_Fries_SoyMilk" classname="com.ntou.testing.OrderProcessorTest" time="0"/>
  <testcase name="testCombinatorial_TC33_Toast_Fries_BlackTea" classname="com.ntou.testing.OrderProcessorTest" time="0"/>
  <testcase name="testCombinatorial_TC47_Toast_HashBrown_SoyMilk" classname="com.ntou.testing.OrderProcessorTest" time="0.001"/>
  <testcase name="testCategorization_SideDish_1_Fries" classname="com.ntou.testing.OrderProcessorTest" time="0.001"/>
  <testcase name="testCombinatorial_TC23_EggPancake_RadishCake_SoyMilk" classname="com.ntou.testing.OrderProcessorTest" time="0"/>
  <testcase name="testCombinatorial_TC14_Burger_HashBrown_OrangeJuice" classname="com.ntou.testing.OrderProcessorTest" time="0"/>
  <testcase name="testCombinatorial_TC13_Burger_HashBrown_BlackTea" classname="com.ntou.testing.OrderProcessorTest" time="0.001"/>
  <testcase name="testCombinatorial_TC16_Burger_HashBrown_Coffee" classname="com.ntou.testing.OrderProcessorTest" time="0.001"/>
  <testcase name="testCombinatorial_TC35_Toast_Fries_SoyMilk" classname="com.ntou.testing.OrderProcessorTest" time="0"/>
  <testcase name="testCombinatorial_TC46_Toast_HashBrown_OrangeJuice" classname="com.ntou.testing.OrderProcessorTest" time="0.001"/>
  <testcase name="testCombinatorial_TC04_Burger_Fries_Coffee" classname="com.ntou.testing.OrderProcessorTest" time="0.001"/>
  <testcase name="testCategorization_MainDish_3_Toast" classname="com.ntou.testing.OrderProcessorTest" time="0"/>
  <testcase name="testCombinatorial_TC45_Toast_HashBrown_BlackTea" classname="com.ntou.testing.OrderProcessorTest" time="0.001"/>
  <testcase name="testCombinatorial_TC11_Burger_ChickenNuggets_SoyMilk" classname="com.ntou.testing.OrderProcessorTest" time="0.001"/>
  <testcase name="testCombinatorial_TC26_EggPancake_ChickenNuggets_OrangeJuice" classname="com.ntou.testing.OrderProcessorTest" time="0"/>
  <testcase name="testCombinatorial_TC21_EggPancake_RadishCake_BlackTea" classname="com.ntou.testing.OrderProcessorTest" time="0.001"/>
  <testcase name="testCategorization_Drink_2_OrangeJuice" classname="com.ntou.testing.OrderProcessorTest" time="0"/>
  <testcase name="testCategorization_MainDish_1_Burger" classname="com.ntou.testing.OrderProcessorTest" time="0"/>
  <testcase name="testCategorization_MainDish_2_EggPancake" classname="com.ntou.testing.OrderProcessorTest" time="0"/>
  <testcase name="testCombinatorial_TC32_EggPancake_HashBrown_Coffee" classname="com.ntou.testing.OrderProcessorTest" time="0"/>
  <testcase name="testCombinatorial_TC42_Toast_ChickenNuggets_OrangeJuice" classname="com.ntou.testing.OrderProcessorTest" time="0.001"/>
  <testcase name="testCategorization_SideDish_4_HashBrown" classname="com.ntou.testing.OrderProcessorTest" time="0"/>
  <testcase name="testCombinatorial_TC38_Toast_RadishCake_OrangeJuice" classname="com.ntou.testing.OrderProcessorTest" time="0.001"/>
  <testcase name="testCombinatorial_TC17_EggPancake_Fries_BlackTea" classname="com.ntou.testing.OrderProcessorTest" time="0"/>
  <testcase name="testCategorization_Drink_1_BlackTea" classname="com.ntou.testing.OrderProcessorTest" time="0.001"/>
  <testcase name="testCombinatorial_TC22_EggPancake_RadishCake_OrangeJuice" classname="com.ntou.testing.OrderProcessorTest" time="0"/>
  <testcase name="testCombinatorial_TC05_Burger_RadishCake_BlackTea" classname="com.ntou.testing.OrderProcessorTest" time="0.001"/>
  <testcase name="testCombinatorial_TC44_Toast_ChickenNuggets_Coffee" classname="com.ntou.testing.OrderProcessorTest" time="0"/>
  <testcase name="testCombinatorial_TC01_Burger_Fries_BlackTea" classname="com.ntou.testing.OrderProcessorTest" time="0.001"/>
  <testcase name="testCombinatorial_TC31_EggPancake_HashBrown_SoyMilk" classname="com.ntou.testing.OrderProcessorTest" time="0"/>
  <testcase name="testCombinatorial_TC41_Toast_ChickenNuggets_BlackTea" classname="com.ntou.testing.OrderProcessorTest" time="0"/>
  <testcase name="testCombinatorial_TC09_Burger_ChickenNuggets_BlackTea" classname="com.ntou.testing.OrderProcessorTest" time="0.001"/>
  <testcase name="testCombinatorial_TC15_Burger_HashBrown_SoyMilk" classname="com.ntou.testing.OrderProcessorTest" time="0"/>
  <testcase name="testCombinatorial_TC30_EggPancake_HashBrown_OrangeJuice" classname="com.ntou.testing.OrderProcessorTest" time="0.001"/>
  <testcase name="testCategorization_Drink_4_Coffee" classname="com.ntou.testing.OrderProcessorTest" time="0"/>
  <testcase name="testCombinatorial_TC19_EggPancake_Fries_SoyMilk" classname="com.ntou.testing.OrderProcessorTest" time="0.001"/>
  <testcase name="testCombinatorial_TC27_EggPancake_ChickenNuggets_SoyMilk" classname="com.ntou.testing.OrderProcessorTest" time="0"/>
  <testcase name="testCombinatorial_TC25_EggPancake_ChickenNuggets_BlackTea" classname="com.ntou.testing.OrderProcessorTest" time="0.001"/>
  <testcase name="testCombinatorial_TC29_EggPancake_HashBrown_BlackTea" classname="com.ntou.testing.OrderProcessorTest" time="0"/>
  <testcase name="testCombinatorial_TC43_Toast_ChickenNuggets_SoyMilk" classname="com.ntou.testing.OrderProcessorTest" time="0"/>
  <testcase name="testCombinatorial_TC37_Toast_RadishCake_BlackTea" classname="com.ntou.testing.OrderProcessorTest" time="0.001"/>
</testsuite>