<?xml version="1.0" encoding="UTF-8"?>
<testsuite xmlns:xsi="http://www.w3.org/2001/XMLSchema-instance" xsi:noNamespaceSchemaLocation="https://maven.apache.org/surefire/maven-surefire-plugin/xsd/surefire-test-report-3.0.xsd" version="3.0" name="com.ntou.testing.StringSpecificationTest" time="0.032" tests="11" errors="0" skipped="0" failures="0">
  <properties>
[...]
</properties>
  <testcase name="testAnalyze_TC4_Invalid_EmptyString" classname="com.ntou.testing.StringSpecificationTest" time="0.007">
    <system-out><![CDATA[
－－－－－－－－－－－－－－－－－－－－－－－－－－－－－－－－－－－－－－－－－－
【 Test Case 4 Analysis 測試案例分析 】
　2-1) Input values (測試時候需要控制資料的值) : "" (空字串)
　2-2) Expected result (正確的結果) : (6)
　2-3) Test program's result (程式執行後的結果) : (6)
　2-4) Criteria analysis (測試目標的分析): 符合，Empty string -> 0 chars (6)
]]></system-out>
  </testcase>
  <testcase name="testAnalyze_TC5_Invalid_Starts1to9_CharsValid_LengthOver8" classname="com.ntou.testing.StringSpecificationTest" time="0.001">
    <system-out><![CDATA[
－－－－－－－－－－－－－－－－－－－－－－－－－－－－－－－－－－－－－－－－－－
【 Test Case 5 Analysis 測試案例分析 】
　2-1) Input values (測試時候需要控制資料的值) : 4144W0134144W013
　2-2) Expected result (正確的結果) : (1,3,7)
　2-3) Test program's result (程式執行後的結果) : (1,3,7)
　2-4) Criteria analysis (測試目標的分析): 符合，Starts 1-9 (1), Chars Valid (3), Length > 8 (7)
]]></system-out>
  </testcase>
  <testcase name="testEquivalencePartitionDescription" classname="com.ntou.testing.StringSpecificationTest" time="0.001">
    <system-out><![CDATA[
==================== 等價類別分割說明 ====================
被測試的 function: StringSpecification.analyze(String input)
程式碼行數: 符合要求（超過 12 行）
包含 if 條件判斷: ✓
包含迴圈 (for loop): ✓

等價類別分析：
1. Starting char (起始字元)
   - Valid: Starts 1-9 (編號 1)
   - Invalid: Starts other (編號 2)
2. Chars (字元組成)
   - Valid: [A-Z0-9] (編號 3)
   - Invalid: Has others (編號 4)
3. Length (字串長度)
   - Valid: 1-8 chars (編號 5)
   - Invalid: 0 chars (編號 6) 或 > 8 chars (編號 7)

測試案例數量: 5 個（獨立測試 - 單一變因）
測試目標: 使用最少個測試案例達到測試目標涵蓋率 100%
===========================================================

]]></system-out>
  </testcase>
  <testcase name="testAnalyze_TC2_Valid_StartsOther_CharsValid_Length1to8" classname="com.ntou.testing.StringSpecificationTest" time="0">
    <system-out><![CDATA[
－－－－－－－－－－－－－－－－－－－－－－－－－－－－－－－－－－－－－－－－－－
【 Test Case 2 Analysis 測試案例分析 】
　2-1) Input values (測試時候需要控制資料的值) : W144W013
　2-2) Expected result (正確的結果) : (2,3,5)
　2-3) Test program's result (程式執行後的結果) : (2,3,5)
　2-4) Criteria analysis (測試目標的分析): 符合，Starts other (2), Chars Valid (3), Length 1-8 (5)
]]></system-out>
  </testcase>
  <testcase name="testAnalyze_Parameterized(String, List, String)[1]" classname="com.ntou.testing.StringSpecificationTest" time="0.005">
    <system-out><![CDATA[
－－－－－－－－－－－－－－－－－－－－－－－－－－－－－－－－－－－－－－－－－－
【 Test Case Analysis 測試案例分析 】
　2-1) Input values (測試時候需要控制資料的值) : 4144W013
　2-2) Expected result (正確的結果) : (1,3,5)
　2-3) Test program's result (程式執行後的結果) : (1,3,5)
　2-4) Criteria analysis (測試目標的分析): 符合，Starts 1-9 (1), Chars Valid (3), Length 1-8 (5)
]]></system-out>
  </testcase>
  <testcase name="testAnalyze_Parameterized(String, List, String)[2]" classname="com.ntou.testing.StringSpecificationTest" time="0">
    <system-out><![CDATA[
－－－－－－－－－－－－－－－－－－－－－－－－－－－－－－－－－－－－－－－－－－
【 Test Case Analysis 測試案例分析 】
　2-1) Input values (測試時候需要控制資料的值) : W144W013
　2-2) Expected result (正確的結果) : (2,3,5)
　2-3) Test program's result (程式執行後的結果) : (2,3,5)
　2-4) Criteria analysis (測試目標的分析): 符合，Starts other (2), Chars Valid (3), Length 1-8 (5)
]]></system-out>
  </testcase>
  <testcase name="testAnalyze_Parameterized(String, List, String)[3]" classname="com.ntou.testing.StringSpecificationTest" time="0.001">
    <system-out><![CDATA[
－－－－－－－－－－－－－－－－－－－－－－－－－－－－－－－－－－－－－－－－－－
【 Test Case Analysis 測試案例分析 】
　2-1) Input values (測試時候需要控制資料的值) : 4144#013
　2-2) Expected result (正確的結果) : (1,4,5)
　2-3) Test program's result (程式執行後的結果) : (1,4,5)
　2-4) Criteria analysis (測試目標的分析): 符合，Starts 1-9 (1), Has others (4), Length 1-8 (5)
]]></system-out>
  </testcase>
  <testcase name="testAnalyze_Parameterized(String, List, String)[4]" classname="com.ntou.testing.StringSpecificationTest" time="0.001">
    <system-out><![CDATA[
－－－－－－－－－－－－－－－－－－－－－－－－－－－－－－－－－－－－－－－－－－
【 Test Case Analysis 測試案例分析 】
　2-1) Input values (測試時候需要控制資料的值) : "" (空字串)
　2-2) Expected result (正確的結果) : (6)
　2-3) Test program's result (程式執行後的結果) : (6)
　2-4) Criteria analysis (測試目標的分析): 符合，Empty string -> 0 chars (6)
]]></system-out>
  </testcase>
  <testcase name="testAnalyze_Parameterized(String, List, String)[5]" classname="com.ntou.testing.StringSpecificationTest" time="0.001">
    <system-out><![CDATA[
－－－－－－－－－－－－－－－－－－－－－－－－－－－－－－－－－－－－－－－－－－
【 Test Case Analysis 測試案例分析 】
　2-1) Input values (測試時候需要控制資料的值) : 4144W0134144W013
　2-2) Expected result (正確的結果) : (1,3,7)
　2-3) Test program's result (程式執行後的結果) : (1,3,7)
　2-4) Criteria analysis (測試目標的分析): 符合，Starts 1-9 (1), Chars Valid (3), Length > 8 (7)
]]></system-out>
  </testcase>
  <testcase name="testAnalyze_TC1_Valid_Starts1to9_CharsValid_Length1to8" classname="com.ntou.testing.StringSpecificationTest" time="0.001">
    <system-out><![CDATA[
－－－－－－－－－－－－－－－－－－－－－－－－－－－－－－－－－－－－－－－－－－
【 Test Case 1 Analysis 測試案例分析 】
　2-1) Input values (測試時候需要控制資料的值) : 4144W013
　2-2) Expected result (正確的結果) : (1,3,5)
　2-3) Test program's result (程式執行後的結果) : (1,3,5)
　2-4) Criteria analysis (測試目標的分析): 符合，Starts 1-9 (1), Chars Valid (3), Length 1-8 (5)
]]></system-out>
  </testcase>
  <testcase name="testAnalyze_TC3_Invalid_Starts1to9_HasOthers_Length1to8" classname="com.ntou.testing.StringSpecificationTest" time="0.001">
    <system-out><![CDATA[
－－－－－－－－－－－－－－－－－－－－－－－－－－－－－－－－－－－－－－－－－－
【 Test Case 3 Analysis 測試案例分析 】
　2-1) Input values (測試時候需要控制資料的值) : 4144#013
　2-2) Expected result (正確的結果) : (1,4,5)
　2-3) Test program's result (程式執行後的結果) : (1,4,5)
　2-4) Criteria analysis (測試目標的分析): 符合，Starts 1-9 (1), Has others (4), Length 1-8 (5)
]]></system-out>
  </testcase>
</testsuite>