GROUP,PACKAGE,CLASS,INSTRUCTION_MISSED,INSTRUCTION_COVERED,BRANCH_MISSED,BRANCH_COVERED,LINE_MISSED,LINE_COVERED,COMPLEXITY_MISSED,COMPLEXITY_COVERED,METHOD_MISSED,METHOD_COVERED
Software Testing Homework,com.ntou.testing,NumberProcessor,45,188,21,41,12,47,18,21,0,8
Software Testing Homework,com.ntou.testing,OrderProcessor,35,260,13,32,15,83,15,12,2,1
Software Testing Homework,com.ntou.testing,StringSpecification,0,117,4,24,0,29,4,12,0,2
Software Testing Homework,com.ntou.testing,AdvancedProcessor,39,51,0,14,4,17,1,9,1,2
