<?xml version="1.0" encoding="UTF-8" standalone="yes"?><!DOCTYPE report PUBLIC "-//JACOCO//DTD Report 1.1//EN" "report.dtd"><report name="Software Testing Homework"><sessioninfo id="Pauls-MacBook.local-4217d3cb" start="1762593413504" dump="1762593413841"/><sessioninfo id="Pauls-MacBook.local-7f08ef3a" start="1763193311057" dump="1763193311394"/><sessioninfo id="Pauls-MacBook.local-93c71714" start="1763193317307" dump="1763193317601"/><sessioninfo id="Pauls-MacBook.local-54ae3f56" start="1763193356303" dump="1763193356618"/><sessioninfo id="Pauls-MacBook.local-b847e4cf" start="1763193385860" dump="1763193386176"/><sessioninfo id="Pauls-MacBook.local-e865d718" start="1763193397391" dump="1763193397686"/><sessioninfo id="Pauls-MacBook.local-972bf3c3" start="1763193444284" dump="1763193444599"/><sessioninfo id="Pauls-MacBook.local-9ee5c943" start="1763193471700" dump="1763193471985"/><sessioninfo id="Pauls-MacBook.local-b5bc69ed" start="1763193509730" dump="1763193510009"/><sessioninfo id="Pauls-MacBook.local-563ee88c" start="1763193628063" dump="1763193628347"/><sessioninfo id="Pauls-MacBook.local-c6811007" start="1763193769375" dump="1763193769659"/><sessioninfo id="Pauls-MacBook.local-1841cbe4" start="1763193793991" dump="1763193794270"/><sessioninfo id="Pauls-MacBook.local-a5a4035b" start="1763193809446" dump="1763193809728"/><sessioninfo id="Pauls-MacBook.local-d42451c0" start="1763193818189" dump="1763193818460"/><sessioninfo id="Pauls-MacBook.local-aec0b6ce" start="1763194009784" dump="1763194010076"/><sessioninfo id="Pauls-MacBook.local-c10b0fe6" start="1763194230130" dump="1763194230450"/><sessioninfo id="Pauls-MacBook.local-2c505424" start="1763194233433" dump="1763194233701"/><sessioninfo id="Pauls-MacBook.local-69bfc704" start="1763194480706" dump="1763194481003"/><sessioninfo id="Pauls-MacBook.local-be4bf9dd" start="1763194684167" dump="1763194684468"/><sessioninfo id="Pauls-MacBook.local-1e43bdde" start="1763194773498" dump="1763194945403"/><sessioninfo id="Pauls-MacBook.local-b4c95a07" start="1763194947375" dump="1763195003334"/><sessioninfo id="Pauls-MacBook.local-d7aa2acc" start="1763195007226" dump="1763195061585"/><sessioninfo id="Pauls-MacBook.local-29c97bd" start="1763195063258" dump="1763195063546"/><sessioninfo id="Pauls-MacBook.local-4063ef84" start="1763195326821" dump="1763195327121"/><sessioninfo id="Pauls-MacBook.local-fd6c0e83" start="1763195346724" dump="1763195347017"/><sessioninfo id="Pauls-MacBook.local-490f0c9d" start="1763195378928" dump="1763195379225"/><sessioninfo id="Pauls-MacBook.local-b9dbc4c" start="1763195446815" dump="1763195447124"/><sessioninfo id="Pauls-MacBook.local-fd8ffa58" start="1763195627894" dump="1763195628190"/><sessioninfo id="Pauls-MacBook.local-cb435d77" start="1763195742907" dump="1763195743199"/><sessioninfo id="Pauls-MacBook.local-47fca48e" start="1763794013006" dump="1763794013368"/><sessioninfo id="Pauls-MacBook.local-35e04746" start="1763794310772" dump="1763794311103"/><sessioninfo id="Pauls-MacBook.local-c11f570b" start="1763795917770" dump="1763795918088"/><sessioninfo id="Pauls-MacBook.local-48d3dfa1" start="1763796116955" dump="1763796117282"/><sessioninfo id="Pauls-MacBook.local-17b18c1f" start="1763796128397" dump="1763796128691"/><sessioninfo id="Pauls-MacBook.local-13147a0" start="1763799016985" dump="1763799017372"/><sessioninfo id="Pauls-MacBook.local-a62d0f1a" start="1763799042614" dump="1763799042974"/><package name="com/ntou/testing"><class name="com/ntou/testing/NumberProcessor" sourcefilename="NumberProcessor.java"><method name="&lt;init&gt;" desc="()V" line="7"><counter type="INSTRUCTION" missed="0" covered="3"/><counter type="LINE" missed="0" covered="1"/><counter type="COMPLEXITY" missed="0" covered="1"/><counter type="METHOD" missed="0" covered="1"/></method><method name="classifyNumber" desc="(I)Ljava/lang/String;" line="16"><counter type="INSTRUCTION" missed="20" covered="0"/><counter type="BRANCH" missed="8" covered="0"/><counter type="LINE" missed="9" covered="0"/><counter type="COMPLEXITY" missed="5" covered="0"/><counter type="METHOD" missed="1" covered="0"/></method><method name="sumArray" desc="([I)I" line="36"><counter type="INSTRUCTION" missed="25" covered="0"/><counter type="BRANCH" missed="6" covered="0"/><counter type="LINE" missed="8" covered="0"/><counter type="COMPLEXITY" missed="4" covered="0"/><counter type="METHOD" missed="1" covered="0"/></method><method name="findMax" desc="([I)I" line="58"><counter type="INSTRUCTION" missed="30" covered="0"/><counter type="BRANCH" missed="8" covered="0"/><counter type="LINE" missed="7" covered="0"/><counter type="COMPLEXITY" missed="5" covered="0"/><counter type="METHOD" missed="1" covered="0"/></method><method name="complexBooleanLogic" desc="(ZZZZ)Z" line="82"><counter type="INSTRUCTION" missed="24" covered="0"/><counter type="BRANCH" missed="16" covered="0"/><counter type="LINE" missed="5" covered="0"/><counter type="COMPLEXITY" missed="9" covered="0"/><counter type="METHOD" missed="1" covered="0"/></method><method name="countPrimes" desc="(I)I" line="101"><counter type="INSTRUCTION" missed="0" covered="50"/><counter type="BRANCH" missed="1" covered="13"/><counter type="LINE" missed="0" covered="16"/><counter type="COMPLEXITY" missed="1" covered="7"/><counter type="METHOD" missed="0" covered="1"/></method><counter type="INSTRUCTION" missed="99" covered="53"/><counter type="BRANCH" missed="39" covered="13"/><counter type="LINE" missed="29" covered="17"/><counter type="COMPLEXITY" missed="24" covered="8"/><counter type="METHOD" missed="4" covered="2"/><counter type="CLASS" missed="0" covered="1"/></class><class name="com/ntou/testing/OrderProcessor" sourcefilename="OrderProcessor.java"><method name="&lt;init&gt;" desc="()V" line="9"><counter type="INSTRUCTION" missed="3" covered="0"/><counter type="LINE" missed="1" covered="0"/><counter type="COMPLEXITY" missed="1" covered="0"/><counter type="METHOD" missed="1" covered="0"/></method><method name="processOrder" desc="()V" line="16"><counter type="INSTRUCTION" missed="15" covered="275"/><counter type="BRANCH" missed="9" covered="36"/><counter type="LINE" missed="4" covered="83"/><counter type="COMPLEXITY" missed="9" covered="16"/><counter type="METHOD" missed="0" covered="1"/></method><method name="main" desc="([Ljava/lang/String;)V" line="164"><counter type="INSTRUCTION" missed="2" covered="0"/><counter type="LINE" missed="2" covered="0"/><counter type="COMPLEXITY" missed="1" covered="0"/><counter type="METHOD" missed="1" covered="0"/></method><counter type="INSTRUCTION" missed="20" covered="275"/><counter type="BRANCH" missed="9" covered="36"/><counter type="LINE" missed="7" covered="83"/><counter type="COMPLEXITY" missed="11" covered="16"/><counter type="METHOD" missed="2" covered="1"/><counter type="CLASS" missed="0" covered="1"/></class><sourcefile name="NumberProcessor.java"><line nr="7" mi="0" ci="3" mb="0" cb="0"/><line nr="16" mi="2" ci="0" mb="2" cb="0"/><line nr="17" mi="2" ci="0" mb="0" cb="0"/><line nr="18" mi="2" ci="0" mb="2" cb="0"/><line nr="19" mi="2" ci="0" mb="0" cb="0"/><line nr="20" mi="3" ci="0" mb="2" cb="0"/><line nr="21" mi="2" ci="0" mb="0" cb="0"/><line nr="22" mi="3" ci="0" mb="2" cb="0"/><line nr="23" mi="2" ci="0" mb="0" cb="0"/><line nr="25" mi="2" ci="0" mb="0" cb="0"/><line nr="36" mi="5" ci="0" mb="4" cb="0"/><line nr="37" mi="2" ci="0" mb="0" cb="0"/><line nr="40" mi="2" ci="0" mb="0" cb="0"/><line nr="41" mi="2" ci="0" mb="0" cb="0"/><line nr="43" mi="4" ci="0" mb="2" cb="0"/><line nr="44" mi="6" ci="0" mb="0" cb="0"/><line nr="45" mi="2" ci="0" mb="0" cb="0"/><line nr="48" mi="2" ci="0" mb="0" cb="0"/><line nr="58" mi="5" ci="0" mb="4" cb="0"/><line nr="59" mi="2" ci="0" mb="0" cb="0"/><line nr="62" mi="4" ci="0" mb="0" cb="0"/><line nr="63" mi="8" ci="0" mb="2" cb="0"/><line nr="64" mi="5" ci="0" mb="2" cb="0"/><line nr="65" mi="4" ci="0" mb="0" cb="0"/><line nr="69" mi="2" ci="0" mb="0" cb="0"/><line nr="82" mi="8" ci="0" mb="8" cb="0"/><line nr="83" mi="2" ci="0" mb="0" cb="0"/><line nr="85" mi="4" ci="0" mb="4" cb="0"/><line nr="86" mi="8" ci="0" mb="4" cb="0"/><line nr="88" mi="2" ci="0" mb="0" cb="0"/><line nr="101" mi="0" ci="3" mb="0" cb="2"/><line nr="102" mi="0" ci="2" mb="0" cb="0"/><line nr="105" mi="0" ci="5" mb="1" cb="3"/><line nr="106" mi="0" ci="5" mb="0" cb="0"/><line nr="109" mi="0" ci="2" mb="0" cb="0"/><line nr="110" mi="0" ci="7" mb="0" cb="2"/><line nr="111" mi="0" ci="2" mb="0" cb="0"/><line nr="112" mi="0" ci="9" mb="0" cb="2"/><line nr="113" mi="0" ci="4" mb="0" cb="2"/><line nr="114" mi="0" ci="2" mb="0" cb="0"/><line nr="115" mi="0" ci="1" mb="0" cb="0"/><line nr="118" mi="0" ci="2" mb="0" cb="2"/><line nr="119" mi="0" ci="1" mb="0" cb="0"/><line nr="123" mi="0" ci="2" mb="0" cb="0"/><line nr="124" mi="0" ci="1" mb="0" cb="0"/><line nr="125" mi="0" ci="2" mb="0" cb="0"/><counter type="INSTRUCTION" missed="99" covered="53"/><counter type="BRANCH" missed="39" covered="13"/><counter type="LINE" missed="29" covered="17"/><counter type="COMPLEXITY" missed="24" covered="8"/><counter type="METHOD" missed="4" covered="2"/><counter type="CLASS" missed="0" covered="1"/></sourcefile><sourcefile name="OrderProcessor.java"><line nr="9" mi="3" ci="0" mb="0" cb="0"/><line nr="16" mi="0" ci="5" mb="0" cb="0"/><line nr="17" mi="0" ci="2" mb="0" cb="0"/><line nr="18" mi="0" ci="2" mb="0" cb="0"/><line nr="19" mi="0" ci="2" mb="0" cb="0"/><line nr="20" mi="0" ci="2" mb="0" cb="0"/><line nr="21" mi="0" ci="2" mb="0" cb="0"/><line nr="28" mi="0" ci="6" mb="1" cb="3"/><line nr="29" mi="0" ci="3" mb="0" cb="0"/><line nr="30" mi="0" ci="3" mb="0" cb="0"/><line nr="31" mi="0" ci="3" mb="0" cb="0"/><line nr="32" mi="0" ci="3" mb="0" cb="0"/><line nr="33" mi="0" ci="3" mb="0" cb="0"/><line nr="35" mi="0" ci="3" mb="0" cb="2"/><line nr="36" mi="0" ci="3" mb="0" cb="0"/><line nr="37" mi="0" ci="1" mb="0" cb="0"/><line nr="40" mi="0" ci="3" mb="0" cb="0"/><line nr="41" mi="0" ci="4" mb="0" cb="0"/><line nr="45" mi="0" ci="3" mb="0" cb="2"/><line nr="46" mi="0" ci="4" mb="0" cb="0"/><line nr="47" mi="0" ci="4" mb="0" cb="0"/><line nr="48" mi="0" ci="3" mb="0" cb="2"/><line nr="49" mi="0" ci="4" mb="0" cb="0"/><line nr="50" mi="0" ci="4" mb="0" cb="0"/><line nr="52" mi="0" ci="4" mb="0" cb="0"/><line nr="53" mi="0" ci="3" mb="0" cb="0"/><line nr="61" mi="0" ci="6" mb="1" cb="3"/><line nr="62" mi="0" ci="3" mb="0" cb="0"/><line nr="63" mi="0" ci="3" mb="0" cb="0"/><line nr="64" mi="0" ci="3" mb="0" cb="0"/><line nr="65" mi="0" ci="3" mb="0" cb="0"/><line nr="66" mi="0" ci="3" mb="0" cb="0"/><line nr="67" mi="0" ci="3" mb="0" cb="0"/><line nr="69" mi="0" ci="3" mb="0" cb="2"/><line nr="70" mi="0" ci="3" mb="0" cb="0"/><line nr="71" mi="0" ci="1" mb="0" cb="0"/><line nr="74" mi="0" ci="3" mb="0" cb="0"/><line nr="75" mi="0" ci="4" mb="0" cb="0"/><line nr="79" mi="0" ci="2" mb="1" cb="4"/><line nr="81" mi="0" ci="4" mb="0" cb="0"/><line nr="82" mi="0" ci="3" mb="0" cb="0"/><line nr="83" mi="0" ci="1" mb="0" cb="0"/><line nr="85" mi="0" ci="4" mb="0" cb="0"/><line nr="86" mi="0" ci="3" mb="0" cb="0"/><line nr="87" mi="0" ci="1" mb="0" cb="0"/><line nr="89" mi="0" ci="4" mb="0" cb="0"/><line nr="90" mi="0" ci="3" mb="0" cb="0"/><line nr="91" mi="0" ci="1" mb="0" cb="0"/><line nr="93" mi="0" ci="4" mb="0" cb="0"/><line nr="94" mi="0" ci="3" mb="0" cb="0"/><line nr="102" mi="0" ci="6" mb="0" cb="4"/><line nr="103" mi="0" ci="3" mb="0" cb="0"/><line nr="104" mi="0" ci="3" mb="0" cb="0"/><line nr="105" mi="0" ci="3" mb="0" cb="0"/><line nr="106" mi="0" ci="3" mb="0" cb="0"/><line nr="107" mi="0" ci="3" mb="0" cb="0"/><line nr="108" mi="0" ci="3" mb="0" cb="0"/><line nr="110" mi="0" ci="3" mb="1" cb="1"/><line nr="111" mi="0" ci="3" mb="0" cb="0"/><line nr="112" mi="0" ci="1" mb="0" cb="0"/><line nr="115" mi="3" ci="0" mb="0" cb="0"/><line nr="116" mi="4" ci="0" mb="0" cb="0"/><line nr="120" mi="0" ci="3" mb="0" cb="2"/><line nr="121" mi="0" ci="4" mb="0" cb="0"/><line nr="122" mi="0" ci="4" mb="0" cb="0"/><line nr="123" mi="0" ci="3" mb="0" cb="2"/><line nr="124" mi="0" ci="4" mb="0" cb="0"/><line nr="125" mi="0" ci="4" mb="0" cb="0"/><line nr="126" mi="0" ci="3" mb="0" cb="2"/><line nr="127" mi="0" ci="4" mb="0" cb="0"/><line nr="128" mi="0" ci="4" mb="0" cb="0"/><line nr="130" mi="0" ci="4" mb="0" cb="0"/><line nr="131" mi="0" ci="3" mb="0" cb="0"/><line nr="135" mi="0" ci="3" mb="0" cb="0"/><line nr="136" mi="0" ci="3" mb="0" cb="0"/><line nr="137" mi="0" ci="3" mb="0" cb="0"/><line nr="138" mi="0" ci="3" mb="0" cb="0"/><line nr="139" mi="0" ci="3" mb="0" cb="0"/><line nr="140" mi="0" ci="11" mb="0" cb="0"/><line nr="141" mi="0" ci="3" mb="0" cb="0"/><line nr="142" mi="0" ci="2" mb="0" cb="0"/><line nr="143" mi="0" ci="1" mb="0" cb="0"/><line nr="144" mi="0" ci="6" mb="1" cb="3"/><line nr="146" mi="0" ci="4" mb="0" cb="0"/><line nr="148" mi="0" ci="6" mb="2" cb="2"/><line nr="150" mi="4" ci="0" mb="0" cb="0"/><line nr="152" mi="0" ci="6" mb="2" cb="2"/><line nr="154" mi="4" ci="0" mb="0" cb="0"/><line nr="164" mi="1" ci="0" mb="0" cb="0"/><line nr="165" mi="1" ci="0" mb="0" cb="0"/><counter type="INSTRUCTION" missed="20" covered="275"/><counter type="BRANCH" missed="9" covered="36"/><counter type="LINE" missed="7" covered="83"/><counter type="COMPLEXITY" missed="11" covered="16"/><counter type="METHOD" missed="2" covered="1"/><counter type="CLASS" missed="0" covered="1"/></sourcefile><counter type="INSTRUCTION" missed="119" covered="328"/><counter type="BRANCH" missed="48" covered="49"/><counter type="LINE" missed="36" covered="100"/><counter type="COMPLEXITY" missed="35" covered="24"/><counter type="METHOD" missed="6" covered="3"/><counter type="CLASS" missed="0" covered="2"/></package><counter type="INSTRUCTION" missed="119" covered="328"/><counter type="BRANCH" missed="48" covered="49"/><counter type="LINE" missed="36" covered="100"/><counter type="COMPLEXITY" missed="35" covered="24"/><counter type="METHOD" missed="6" covered="3"/><counter type="CLASS" missed="0" covered="2"/></report>